/projects/dali/data/eurocrops/EE_2021_EC21/EE_2021_EC21.shp: 176064 fields
/projects/dali/data/eurocrops/LT_2021_EC/LT_2021_EC.shp: 1102471 fields
/projects/dali/data/eurocrops/NL_2020_EC21/NL_2020_EC21.shp: 767034 fields
/projects/dali/data/eurocrops/BE_VLG_2021/BE_VLG_2021_EC21.shp: 601349 fields
/projects/dali/data/eurocrops/ES_NA_2020_EC21/ES_NA_2020_EC21.shp: 996679 fields
/projects/dali/data/eurocrops/SI_2021_EC21/SI_2021_EC21.shp: 828161 fields
/projects/dali/data/eurocrops/RO_ny_EC21/RO_ny_EC21.shp: 663654 fields
/projects/dali/data/eurocrops/HR_2020_EC21/HR_2020_EC21.shp: 1381932 fields
/projects/dali/data/eurocrops/LV_2021/LV_2021_EC21.shp: 432188 fields
/projects/dali/data/eurocrops/DK_2019_EC21/DK_2019_EC21.shp: 587461 fields
/projects/dali/data/eurocrops/CZ_2023/CZ_2023.shp: 665679 fields
/projects/dali/data/eurocrops/DE_NRW_2021_EC21/DE_NRW_2021_EC21.shp: 732845 fields
/projects/dali/data/eurocrops/AT_2021/AT_2021_EC21.shp: 2610510 fields
/projects/dali/data/eurocrops/PT_2021_EC21/PT_2021_EC21.shp: 100000 fields
/projects/dali/data/eurocrops/FR_2018/FR_2018_EC21.shp: 9517878 fields
/projects/dali/data/eurocrops/DE_LS_2021_EC21/DE_LS_2021_EC21.shp: 917161 fields
/projects/dali/data/eurocrops/DE_BB_2023/DE_BB_2023.shp: 286403 fields
/projects/dali/data/eurocrops/SE_2021_EC21/SE_2021_EC21.shp: 1212180 fields
/projects/dali/data/eurocrops/SK_2021_EC21/SK_2021_EC21.shp: 255710 fields
Total number of polygons in all shapefiles: 23835359
